{"message":"PetService.getById is not a function","level":"error"}
{"message":"PetService.getById is not a function","level":"error"}
{"message":"PetService.getById is not a function","level":"error"}
{"message":"PetService.getById is not a function","level":"error"}
{"message":"Unauthorized request to path: /api/pets","level":"error"}
{"message":"Unauthorized request to path: /api/pets","level":"error"}
{"message":"Unauthorized request to path: /api/pets/2","level":"error"}
{"message":"Unauthorized request to path: /api/pets/2","level":"error"}
{"message":"Unauthorized request to path: /api/pets/2","level":"error"}
{"message":"PetService.getById is not a function","level":"error"}
{"message":"PetService.getById is not a function","level":"error"}
{"message":"Unauthorized request to path: /api/pets","level":"error"}
{"message":"Unauthorized request to path: /api/pets","level":"error"}
{"message":"Unauthorized request to path: /api/pets/2","level":"error"}
{"message":"Unauthorized request to path: /api/pets/2","level":"error"}
{"message":"Unauthorized request to path: /api/pets/2","level":"error"}
{"message":"PetService.getById is not a function","level":"error"}
{"message":"PetService.getById is not a function","level":"error"}
{"message":"Unauthorized request to path: /api/pets","level":"error"}
{"message":"Unauthorized request to path: /api/pets","level":"error"}
{"message":"Unauthorized request to path: /api/pets/2","level":"error"}
{"message":"Unauthorized request to path: /api/pets/2","level":"error"}
{"message":"Unauthorized request to path: /api/pets/2","level":"error"}
{"message":"PetService.getById is not a function","level":"error"}
{"message":"PetService.getById is not a function","level":"error"}
{"message":"Unauthorized request to path: /api/pets","level":"error"}
{"message":"Unauthorized request to path: /api/pets","level":"error"}
{"message":"Unauthorized request to path: /api/pets/4","level":"error"}
{"message":"Unauthorized request to path: /api/pets/4","level":"error"}
{"message":"Unauthorized request to path: /api/pets/4","level":"error"}
{"message":"PetService.getById is not a function","level":"error"}
{"message":"PetService.getById is not a function","level":"error"}
{"message":"Unauthorized request to path: /api/pets","level":"error"}
{"message":"Unauthorized request to path: /api/pets","level":"error"}
{"message":"Unauthorized request to path: /api/pets/4","level":"error"}
{"message":"Unauthorized request to path: /api/pets/4","level":"error"}
{"message":"Unauthorized request to path: /api/pets/4","level":"error"}
{"message":"PetService.getById is not a function","level":"error"}
{"message":"PetService.getById is not a function","level":"error"}
{"message":"Unauthorized request to path: /api/pets","level":"error"}
{"message":"Unauthorized request to path: /api/pets","level":"error"}
{"message":"Unauthorized request to path: /api/pets/4","level":"error"}
{"message":"Unauthorized request to path: /api/pets/4","level":"error"}
{"message":"Unauthorized request to path: /api/pets/4","level":"error"}
{"message":"Unauthorized request to path: /api/pets","level":"error"}
{"message":"PetService.getById is not a function","level":"error"}
{"message":"PetService.getById is not a function","level":"error"}
{"message":"PetService.getById is not a function","level":"error"}
{"message":"PetService.getById is not a function","level":"error"}
{"message":"Unauthorized request to path: /api/pets/2","level":"error"}
{"message":"PetService.getById is not a function","level":"error"}
{"message":"Unauthorized request to path: /api/pets/2","level":"error"}
{"message":"Unauthorized request to path: /api/pets/2","level":"error"}
{"message":"Unauthorized request to path: /api/pets/2","level":"error"}
{"message":"Unauthorized request to path: /api/pets/2","level":"error"}
{"message":"Unauthorized request to path: /api/pets/2","level":"error"}
{"message":"Unauthorized request to path: /api/pets/2","level":"error"}
{"message":"Unauthorized request to path: /api/pets/2","level":"error"}
{"message":"Unauthorized request to path: /api/pets/2","level":"error"}
{"message":"Unauthorized request to path: /api/pets/2","level":"error"}
{"message":"Unauthorized request to path: /api/pets/2","level":"error"}
{"message":"Unauthorized request to path: /api/pets/2","level":"error"}
{"message":"Unauthorized request to path: /api/pets/2","level":"error"}
{"message":"Unauthorized request to path: /api/pets/2","level":"error"}
{"message":"Unauthorized request to path: /api/pets/2","level":"error"}
{"message":"Unauthorized request to path: /api/pets/2","level":"error"}
{"message":"Unauthorized request to path: /api/pets/2","level":"error"}
{"message":"Unauthorized request to path: /api/pets/2","level":"error"}
{"message":"Unauthorized request to path: /api/pets/","level":"error"}
{"message":"Unauthorized request to path: /api/pets/","level":"error"}
{"message":"Unauthorized request to path: /pets/","level":"error"}
{"message":"Unauthorized request to path: /pets/","level":"error"}
{"message":"Unauthorized request to path: /api/pets","level":"error"}
{"message":"select * from \"pets\" where \"id\" = $1 limit $2 - invalid input syntax for type integer: \"pets\"","level":"error"}
{"message":"select * from \"pets\" where \"id\" = $1 limit $2 - invalid input syntax for type integer: \"pets\"","level":"error"}
{"message":"select * from \"pets\" where \"id\" = $1 limit $2 - invalid input syntax for type integer: \"pets\"","level":"error"}
{"message":"select * from \"pets\" where \"id\" = $1 limit $2 - invalid input syntax for type integer: \"pets\"","level":"error"}
{"message":"select * from \"pets\" where \"id\" = $1 limit $2 - invalid input syntax for type integer: \":id\"","level":"error"}
{"message":"select * from \"pets\" where \"id\" = $1 limit $2 - invalid input syntax for type integer: \":id\"","level":"error"}
{"message":"select * from \"pets\" where \"id\" = $1 limit $2 - invalid input syntax for type integer: \":id\"","level":"error"}
{"message":"select * from \"pets\" where \"id\" = $1 limit $2 - invalid input syntax for type integer: \"undefined\"","level":"error"}
{"message":"select * from \"pets\" where \"id\" = $1 limit $2 - invalid input syntax for type integer: \"undefined\"","level":"error"}
{"message":"select * from \"pets\" where \"id\" = $1 limit $2 - invalid input syntax for type integer: \"undefined\"","level":"error"}
{"message":"select * from \"pets\" where \"id\" = $1 limit $2 - invalid input syntax for type integer: \"undefined\"","level":"error"}
{"message":"select * from \"pets\" where \"id\" = $1 limit $2 - invalid input syntax for type integer: \"undefined\"","level":"error"}
{"message":"select * from \"pets\" where \"id\" = $1 limit $2 - invalid input syntax for type integer: \"undefined\"","level":"error"}
{"message":"id is not defined","level":"error"}
{"message":"select * from \"pets\" where \"id\" = $1 limit $2 - invalid input syntax for type integer: \"[object Object]\"","level":"error"}
{"message":"id is not defined","level":"error"}
{"message":"id is not defined","level":"error"}
{"message":"Pet with id 6 deleted.","level":"info"}
{"message":"Pet with id 8 deleted.","level":"info"}
{"message":"Empty .update() call detected! Update data does not contain any values to update. This will result in a faulty query. Table: pets. Columns: name,age,adopted.","level":"error"}
